<?xml version="1.0" encoding="UTF-8"?>
<!-- Generated by org.testng.reporters.JUnitXMLReporter -->
<testsuite hostname="LAPTOP-H2QSPOA2" ignored="4" name="Test" tests="11" failures="0" timestamp="03 Mar 2022 07:30:36 GMT" time="38.974" errors="0">
  <testcase name="@BeforeMethod login" time="0.0" classname="com.crm.GenericLibrary.BaseClass">
    <failure type="java.lang.NullPointerException">
      <![CDATA[java.lang.NullPointerException
at org.openqa.selenium.support.pagefactory.DefaultElementLocator.findElement(DefaultElementLocator.java:69)
at org.openqa.selenium.support.pagefactory.internal.LocatingElementHandler.invoke(LocatingElementHandler.java:38)
at com.sun.proxy.$Proxy14.sendKeys(Unknown Source)
at com.crm.ObjectRepository.LoginPage.loginToApp(LoginPage.java:43)
at com.crm.GenericLibrary.BaseClass.login(BaseClass.java:76)
... Removed 28 stack frames]]>
    </failure>
  </testcase> <!-- @BeforeMethod login -->
  <testcase name="@AfterMethod logout" time="0.0" classname="com.crm.GenericLibrary.BaseClass">
    <skipped/>
  </testcase> <!-- @AfterMethod logout -->
  <testcase name="@BeforeMethod login" time="0.0" classname="com.crm.GenericLibrary.BaseClass">
    <skipped/>
  </testcase> <!-- @BeforeMethod login -->
  <testcase name="@AfterMethod logout" time="0.0" classname="com.crm.GenericLibrary.BaseClass">
    <skipped/>
  </testcase> <!-- @AfterMethod logout -->
  <testcase name="@BeforeMethod login" time="0.0" classname="com.crm.GenericLibrary.BaseClass">
    <skipped/>
  </testcase> <!-- @BeforeMethod login -->
  <testcase name="@AfterMethod logout" time="0.0" classname="com.crm.GenericLibrary.BaseClass">
    <skipped/>
  </testcase> <!-- @AfterMethod logout -->
  <testcase name="@BeforeMethod login" time="0.0" classname="com.crm.GenericLibrary.BaseClass">
    <skipped/>
  </testcase> <!-- @BeforeMethod login -->
  <testcase name="@AfterMethod logout" time="0.0" classname="com.crm.GenericLibrary.BaseClass">
    <skipped/>
  </testcase> <!-- @AfterMethod logout -->
  <testcase name="@BeforeMethod login" time="0.0" classname="com.crm.GenericLibrary.BaseClass">
    <skipped/>
  </testcase> <!-- @BeforeMethod login -->
  <testcase name="@AfterMethod logout" time="0.0" classname="com.crm.GenericLibrary.BaseClass">
    <skipped/>
  </testcase> <!-- @AfterMethod logout -->
  <testcase name="@BeforeMethod login" time="0.0" classname="com.crm.GenericLibrary.BaseClass">
    <skipped/>
  </testcase> <!-- @BeforeMethod login -->
  <testcase name="@AfterMethod logout" time="0.0" classname="com.crm.GenericLibrary.BaseClass">
    <skipped/>
  </testcase> <!-- @AfterMethod logout -->
  <testcase name="@BeforeMethod login" time="0.0" classname="com.crm.GenericLibrary.BaseClass">
    <skipped/>
  </testcase> <!-- @BeforeMethod login -->
  <testcase name="@AfterMethod logout" time="0.0" classname="com.crm.GenericLibrary.BaseClass">
    <skipped/>
  </testcase> <!-- @AfterMethod logout -->
  <testcase name="@BeforeMethod login" time="0.0" classname="com.crm.GenericLibrary.BaseClass">
    <skipped/>
  </testcase> <!-- @BeforeMethod login -->
  <testcase name="@AfterMethod logout" time="0.0" classname="com.crm.GenericLibrary.BaseClass">
    <skipped/>
  </testcase> <!-- @AfterMethod logout -->
  <testcase name="@BeforeMethod login" time="0.0" classname="com.crm.GenericLibrary.BaseClass">
    <skipped/>
  </testcase> <!-- @BeforeMethod login -->
  <testcase name="@AfterMethod logout" time="0.0" classname="com.crm.GenericLibrary.BaseClass">
    <skipped/>
  </testcase> <!-- @AfterMethod logout -->
  <testcase name="@BeforeMethod login" time="0.0" classname="com.crm.GenericLibrary.BaseClass">
    <skipped/>
  </testcase> <!-- @BeforeMethod login -->
  <testcase name="@AfterMethod logout" time="0.0" classname="com.crm.GenericLibrary.BaseClass">
    <skipped/>
  </testcase> <!-- @AfterMethod logout -->
  <testcase name="createContactWithOrganisationAndLeadSource" time="26.011" classname="com.crm.ContactsTest.CreateContactWithOrganisationAndLeadSourceTest"/>
  <testcase name="createContactsUsingDataProvider" time="0.0" classname="com.crm.ContactsTest.CreateContactsUsingDataProvider">
    <skipped/>
  </testcase> <!-- createContactsUsingDataProvider -->
  <testcase name="createContactsUsingDataProvider" time="0.0" classname="com.crm.ContactsTest.CreateContactsUsingDataProvider">
    <skipped/>
  </testcase> <!-- createContactsUsingDataProvider -->
  <testcase name="createContactsUsingDataProvider" time="0.0" classname="com.crm.ContactsTest.CreateContactsUsingDataProvider">
    <skipped/>
  </testcase> <!-- createContactsUsingDataProvider -->
  <testcase name="createContactsUsingDataProvider" time="0.0" classname="com.crm.ContactsTest.CreateContactsUsingDataProvider">
    <skipped/>
  </testcase> <!-- createContactsUsingDataProvider -->
  <testcase name="createContactsUsingDataProvider" time="0.0" classname="com.crm.ContactsTest.CreateContactsUsingDataProvider">
    <skipped/>
  </testcase> <!-- createContactsUsingDataProvider -->
  <testcase name="createContactsUsingDataProvider" time="0.0" classname="com.crm.ContactsTest.CreateContactsUsingDataProvider">
    <skipped/>
  </testcase> <!-- createContactsUsingDataProvider -->
  <testcase name="createContactsUsingDataProvider" time="0.0" classname="com.crm.ContactsTest.CreateContactsUsingDataProvider">
    <skipped/>
  </testcase> <!-- createContactsUsingDataProvider -->
  <testcase name="createContactsUsingDataProvider" time="0.0" classname="com.crm.ContactsTest.CreateContactsUsingDataProvider">
    <skipped/>
  </testcase> <!-- createContactsUsingDataProvider -->
  <testcase name="createContactsUsingDataProvider" time="0.0" classname="com.crm.ContactsTest.CreateContactsUsingDataProvider">
    <skipped/>
  </testcase> <!-- createContactsUsingDataProvider -->
  <testcase name="createContactsUsingDataProvider" time="0.0" classname="com.crm.ContactsTest.CreateContactsUsingDataProvider">
    <skipped/>
  </testcase> <!-- createContactsUsingDataProvider -->
  <testcase name="@AfterSuite closeDb" time="0.0" classname="com.crm.GenericLibrary.BaseClass">
    <ignored/>
  </testcase> <!-- @AfterSuite closeDb -->
  <testcase name="@AfterTest closeBrowser" time="0.0" classname="com.crm.GenericLibrary.BaseClass">
    <ignored/>
  </testcase> <!-- @AfterTest closeBrowser -->
  <testcase name="@BeforeSuite connectDataBase" time="0.0" classname="com.crm.GenericLibrary.BaseClass">
    <ignored/>
  </testcase> <!-- @BeforeSuite connectDataBase -->
  <testcase name="@BeforeTest launchTheBrowser" time="0.0" classname="com.crm.GenericLibrary.BaseClass">
    <ignored/>
  </testcase> <!-- @BeforeTest launchTheBrowser -->
</testsuite> <!-- Test -->
